<?xml version="1.0" encoding="UTF-8"?>
<!-- Generated by org.testng.reporters.JUnitReportReporter -->
<testsuite skipped="0" hostname="HBADT4950225" name="Selenium.PriorityTest" tests="2" failures="0" timestamp="22 Jun 2021 19:07:07 GMT" time="16.004" errors="0">
  <testcase name="Dr" time="16.004" classname="Selenium.PriorityTest"/>
  <testcase name="Cr" time="0.000" classname="Selenium.PriorityTest"/>
</testsuite> <!-- Selenium.PriorityTest -->
