<?xml version="1.0" encoding="UTF-8"?>
<!-- Generated by org.testng.reporters.JUnitReportReporter -->
<testsuite skipped="0" hostname="HBADT4950225" name="Selenium.LaunchBrowser" tests="1" failures="0" timestamp="22 Jun 2021 18:51:02 GMT" time="0.000" errors="0">
  <testcase name="Br" time="0.000" classname="Selenium.LaunchBrowser"/>
</testsuite> <!-- Selenium.LaunchBrowser -->
